++++++++++++++++++++++++++++++++++++++++++++++++++++++++++++++++++++++++
+                     ElastoMechanical Simulations                     +
+                                using                                 +
+                        ElasTool Version: 2.1                         +
+             Calculations ended at 20:22:07 on 2024-07-09             +
++++++++++++++++++++++++++++++++++++++++++++++++++++++++++++++++++++++++
+-====================================================================-+
+----------------------------------------------------------------------+
| -------------------------------------------------------              |
|        Elastic Constants and Mechanical Properties                   |
+----------------------------------------------------------------------+
| C11 = 508.261 GPa                                                    |
| C22 = 508.534 GPa                                                    |
| C33 = 508.744 GPa                                                    |
| C12 = 178.300 GPa                                                    |
| C13 = 178.406 GPa                                                    |
| C23 = 178.525 GPa                                                    |
| C44 = 111.035 GPa                                                    |
| C55 = 111.269 GPa                                                    |
| C66 = 111.484 GPa                                                    |
| C14 = 0.028 GPa                                                      |
| C15 = 0.055 GPa                                                      |
| C16 = -0.007 GPa                                                     |
| C24 = -0.024 GPa                                                     |
| C25 = 0.087 GPa                                                      |
| C26 = -0.038 GPa                                                     |
| C34 = -0.029 GPa                                                     |
| C35 = 0.053 GPa                                                      |
| C36 = -0.036 GPa                                                     |
| C45 = -0.027 GPa                                                     |
| C46 = 0.113 GPa                                                      |
| C56 = -0.050 GPa                                                     |
| B_vrh = 288.445 GPa                                                  |
| G_vrh = 138.157 GPa                                                  |
| Young's modulus (E) = 357.408 GPa                                    |
| Cauchy's Pressure (A) = 67.265 GPa                                   |
| Poisson's ratio (V) = 0.293                                          |
| Sound velocity (V_t) = 3.102 Km/s                                    |
| Sound velocity (V_l) = 4.483 Km/s                                    |
| Sound velocity (V_p) = 5.738 Km/s                                    |
| Sound velocity (V_d) = 3.462 Km/s                                    |
| Debye temperature (T_d) = 409.469 K                                  |
| Kleinman’s parameter (Q) = 0.604                                     |
| Lame's parameter (M_1) = 196.340 N/m                                 |
| Lame's parameter (M_2) = 138.157 N/m                                 |
| Grüneisen parameter (S) = 1.733                                      |
| Pugh's modulus ratio (P) = 0.479                                     |
| Min thermal conductivity (K_clarke) = 0.037 W/(m.K)                  |
| Min thermal conductivity (K_cahill) = 1.170 W/(m.K)                  |
| Thermal conductivity @ 300 K (K_cahill_lowt) = 0.365 W/(m.K)         |
| Thermal conductivity @ 300 K (K_slack) = 0.002 W/(m.K)               |
| Thermal conductivity @ 300 K (K_slack_lowt) = 3.469 W/(m.K)          |
| Heat capacity @ 300 K (H_cv) = 2914.480 J/(mol⋅K)                    |
| Entropy @ 300 K (S_entropy) = 3406.629 J/(mol⋅K)                     |
| Entropy @ 300 K (S_debyeentropy) = 3408.224 J/(mol⋅K)                |
| Mean-free path @ 300 K (P_mfp) = 1996564771.386 µm                   |
| Linear compressibility (C[100]) = 2.41e+00 TPa^-1                    |
| Linear compressibility (C[110]) = 3.13e+00 TPa^-1                    |
| Linear compressibility (C[010]) = 2.40e+00 TPa^-1                    |
| Linear compressibility (C[111]) = 3.38e+00 TPa^-1                    |
| Linear compressibility (C_avg) = 2.83e+00 TPa^-1                     |
| Ductility test (D) = Material is ductile                             |
+----------------------------------------------------------------------+
| Hardness (H) and Fracture Toughness (F) Analysis                     |
| WARNING: An empirical approximation; check validity!                 |
+----------------------------------------------------------------------+
| Hardness (H1a) = 20.38 GPa;  Ref.[1]                                 |
| Hardness (H1b) = 21.69 GPa;  Ref.[1]                                 |
| Hardness (H1c) = 27.78 GPa;  Ref.[2]                                 |
| Hardness (H2)  = 22.68 GPa;  Ref.[3]                                 |
| Hardness (H3)  = 21.54 GPa;  Ref.[4]                                 |
| Hardness (H4)  = 15.35 GPa;  Ref.[1]                                 |
| Hardness (H5)  = 12.10 GPa;  Ref.[5]                                 |
| Hardness (H6)  = 12.10 GPa;  Ref.[6]                                 |
| Hardness (H7)  = 18.39 GPa;  Ref.[7]                                 |
| Fracture Toughness (F1)  = 7.11 MPa m¹/₂;  Ref.[5]                   |
| Fracture Toughness (F2)  = 8.46 MPa m¹/₂;  Ref.[6]                   |
| Fracture Toughness (F3)  = 5.62 MPa m¹/₂;  Ref.[6]                   |
| -------------------------------------------------------------------- |
|    Cubic      Hexagonal  Orthorhombic   Rhombohedral  General        |
| -------------------------------------------------------------------- |
| I  All,F1-2   All,F1-2  H2,H6,H7,F1-2  All,F1-2  H2,H6,H7,F1-2       |
| S  All,F1-2   All,F1-2  H2,H6,H7,F1-2  All,F1-2  H5,H6,H7,F1-2       |
| M  H1a,H7,F3  H4,H7,F3  H4,H7,F3       H4,H7,F3  H4,H7,F3            |
| -------------------------------------------------------------------- |
| Insulator (I)     : bandgap > 2 eV                                   |
| Semiconductor (S) : bandgap < 2 eV                                   |
| Metal (M)         : bandgap = 0                                      |
| -------------------------------------------------------------------- |
| References                                                           |
+----------------------------------------------------------------------+
| [1] Comp. Mater. Sci. 50 (2011)                                      |
| [2] Scientific Reports, 3776 (2022)                                  |
| [3] MRS Bull. 23, 22 (1998)                                          |
| [4] J. Phys.: Condens. Matter 22 315503 (2010)                       |
| [5] Intermetallics 19, 1275 (2011)                                   |
| [6] J. Appl. Phys. 125, 065105 (2019)                                |
| [7] J. Appl. Phys. 126, 125109 (2019)                                |
|                                                                      |
+-====================================================================-+
+------------------------------------------------------------------------------+
|                                 * CITATIONS *                                |
| ---------------------------------------------------------------------------- |
|           If you have used Elastool in your research, PLEASE cite:           |
|                                                                              |
|      ElasTool: An automated toolkit for elastic constants calculation,       |
|         Z.-L. Liu, C.E. Ekuma, W.-Q. Li, J.-Q. Yang, and X.-J. Li,           |
|             Computer Physics Communications 270, 108180, (2022)              |
|                                                                              |
|                                                                              |
|          Efficient prediction of temperature-dependent elastic and           |
|  mechanical properties of 2D materials, S.M. Kastuar, C.E. Ekuma, Z-L. Liu,  |
|                   Nature Scientific Report 12, 3776 (2022)                   |
|                                                                              |
|           ElasTool v3.0: Efficient computational and visualization           |
|         toolkit for elastic and mechanical properties of materials,          |
|                            C.E. Ekuma, Z-L. Liu,                             |
|             Computer Physics Communications 300, 109161, (2024)              |
+------------------------------------------------------------------------------+

