++++++++++++++++++++++++++++++++++++++++++++++++++++++++++++++++++++++++
+                     ElastoMechanical Simulations                     +
+                                using                                 +
+                        ElasTool Version: 2.1                         +
+             Calculations ended at 02:15:41 on 2024-07-10             +
++++++++++++++++++++++++++++++++++++++++++++++++++++++++++++++++++++++++
+-====================================================================-+
+----------------------------------------------------------------------+
| -------------------------------------------------------              |
|        Elastic Constants and Mechanical Properties                   |
+----------------------------------------------------------------------+
| C11 = 408.718 GPa                                                    |
| C22 = 408.310 GPa                                                    |
| C33 = 408.774 GPa                                                    |
| C12 = 144.218 GPa                                                    |
| C13 = 144.204 GPa                                                    |
| C23 = 144.363 GPa                                                    |
| C44 = 93.314 GPa                                                     |
| C55 = 93.183 GPa                                                     |
| C66 = 93.305 GPa                                                     |
| C14 = 0.020 GPa                                                      |
| C15 = 0.113 GPa                                                      |
| C16 = 0.106 GPa                                                      |
| C24 = 0.003 GPa                                                      |
| C25 = 0.149 GPa                                                      |
| C26 = 0.083 GPa                                                      |
| C34 = 0.104 GPa                                                      |
| C35 = 0.041 GPa                                                      |
| C36 = 0.085 GPa                                                      |
| C45 = 0.029 GPa                                                      |
| C46 = -0.023 GPa                                                     |
| C56 = 0.075 GPa                                                      |
| B_vrh = 232.375 GPa                                                  |
| G_vrh = 112.718 GPa                                                  |
| Young's modulus (E) = 291.089 GPa                                    |
| Cauchy's Pressure (A) = 50.904 GPa                                   |
| Poisson's ratio (V) = 0.291                                          |
| Sound velocity (V_t) = 2.906 Km/s                                    |
| Sound velocity (V_l) = 4.173 Km/s                                    |
| Sound velocity (V_p) = 5.355 Km/s                                    |
| Sound velocity (V_d) = 3.243 Km/s                                    |
| Debye temperature (T_d) = 385.164 K                                  |
| Kleinman’s parameter (Q) = 0.607                                     |
| Lame's parameter (M_1) = 157.229 N/m                                 |
| Lame's parameter (M_2) = 112.718 N/m                                 |
| Grüneisen parameter (S) = 1.720                                      |
| Pugh's modulus ratio (P) = 0.485                                     |
| Min thermal conductivity (K_clarke) = 0.035 W/(m.K)                  |
| Min thermal conductivity (K_cahill) = 1.102 W/(m.K)                  |
| Thermal conductivity @ 300 K (K_cahill_lowt) = 0.346 W/(m.K)         |
| Thermal conductivity @ 300 K (K_slack) = 0.002 W/(m.K)               |
| Thermal conductivity @ 300 K (K_slack_lowt) = 3.311 W/(m.K)          |
| Heat capacity @ 300 K (H_cv) = 2944.774 J/(mol⋅K)                    |
| Entropy @ 300 K (S_entropy) = 3585.919 J/(mol⋅K)                     |
| Entropy @ 300 K (S_debyeentropy) = 3587.514 J/(mol⋅K)                |
| Mean-free path @ 300 K (P_mfp) = 1884594504.797 µm                   |
| Linear compressibility (C[100]) = 3.00e+00 TPa^-1                    |
| Linear compressibility (C[110]) = 3.79e+00 TPa^-1                    |
| Linear compressibility (C[010]) = 3.00e+00 TPa^-1                    |
| Linear compressibility (C[111]) = 4.04e+00 TPa^-1                    |
| Linear compressibility (C_avg) = 3.46e+00 TPa^-1                     |
| Ductility test (D) = Material is ductile                             |
+----------------------------------------------------------------------+
| Hardness (H) and Fracture Toughness (F) Analysis                     |
| WARNING: An empirical approximation; check validity!                 |
+----------------------------------------------------------------------+
| Hardness (H1a) = 16.63 GPa;  Ref.[1]                                 |
| Hardness (H1b) = 17.66 GPa;  Ref.[1]                                 |
| Hardness (H1c) = 22.38 GPa;  Ref.[2]                                 |
| Hardness (H2)  = 18.47 GPa;  Ref.[3]                                 |
| Hardness (H3)  = 17.04 GPa;  Ref.[4]                                 |
| Hardness (H4)  = 12.52 GPa;  Ref.[1]                                 |
| Hardness (H5)  = 10.61 GPa;  Ref.[5]                                 |
| Hardness (H6)  = 10.61 GPa;  Ref.[6]                                 |
| Hardness (H7)  = 14.90 GPa;  Ref.[7]                                 |
| Fracture Toughness (F1)  = 5.75 MPa m¹/₂;  Ref.[5]                   |
| Fracture Toughness (F2)  = 6.13 MPa m¹/₂;  Ref.[6]                   |
| Fracture Toughness (F3)  = 4.08 MPa m¹/₂;  Ref.[6]                   |
| -------------------------------------------------------------------- |
|    Cubic      Hexagonal  Orthorhombic   Rhombohedral  General        |
| -------------------------------------------------------------------- |
| I  All,F1-2   All,F1-2  H2,H6,H7,F1-2  All,F1-2  H2,H6,H7,F1-2       |
| S  All,F1-2   All,F1-2  H2,H6,H7,F1-2  All,F1-2  H5,H6,H7,F1-2       |
| M  H1a,H7,F3  H4,H7,F3  H4,H7,F3       H4,H7,F3  H4,H7,F3            |
| -------------------------------------------------------------------- |
| Insulator (I)     : bandgap > 2 eV                                   |
| Semiconductor (S) : bandgap < 2 eV                                   |
| Metal (M)         : bandgap = 0                                      |
| -------------------------------------------------------------------- |
| References                                                           |
+----------------------------------------------------------------------+
| [1] Comp. Mater. Sci. 50 (2011)                                      |
| [2] Scientific Reports, 3776 (2022)                                  |
| [3] MRS Bull. 23, 22 (1998)                                          |
| [4] J. Phys.: Condens. Matter 22 315503 (2010)                       |
| [5] Intermetallics 19, 1275 (2011)                                   |
| [6] J. Appl. Phys. 125, 065105 (2019)                                |
| [7] J. Appl. Phys. 126, 125109 (2019)                                |
|                                                                      |
+-====================================================================-+
+------------------------------------------------------------------------------+
|                                 * CITATIONS *                                |
| ---------------------------------------------------------------------------- |
|           If you have used Elastool in your research, PLEASE cite:           |
|                                                                              |
|      ElasTool: An automated toolkit for elastic constants calculation,       |
|         Z.-L. Liu, C.E. Ekuma, W.-Q. Li, J.-Q. Yang, and X.-J. Li,           |
|             Computer Physics Communications 270, 108180, (2022)              |
|                                                                              |
|                                                                              |
|          Efficient prediction of temperature-dependent elastic and           |
|  mechanical properties of 2D materials, S.M. Kastuar, C.E. Ekuma, Z-L. Liu,  |
|                   Nature Scientific Report 12, 3776 (2022)                   |
|                                                                              |
|           ElasTool v3.0: Efficient computational and visualization           |
|         toolkit for elastic and mechanical properties of materials,          |
|                            C.E. Ekuma, Z-L. Liu,                             |
|             Computer Physics Communications 300, 109161, (2024)              |
+------------------------------------------------------------------------------+

