++++++++++++++++++++++++++++++++++++++++++++++++++++++++++++++++++++++++
+                     ElastoMechanical Simulations                     +
+                                using                                 +
+                        ElasTool Version: 2.1                         +
+             Calculations ended at 20:36:57 on 2024-07-09             +
++++++++++++++++++++++++++++++++++++++++++++++++++++++++++++++++++++++++
+-====================================================================-+
+----------------------------------------------------------------------+
| -------------------------------------------------------              |
|        Elastic Constants and Mechanical Properties                   |
+----------------------------------------------------------------------+
| C11 = 500.498 GPa                                                    |
| C22 = 500.651 GPa                                                    |
| C33 = 500.890 GPa                                                    |
| C12 = 232.313 GPa                                                    |
| C13 = 232.395 GPa                                                    |
| C23 = 232.169 GPa                                                    |
| C44 = 149.768 GPa                                                    |
| C55 = 149.786 GPa                                                    |
| C66 = 149.863 GPa                                                    |
| C14 = -0.091 GPa                                                     |
| C15 = 0.038 GPa                                                      |
| C16 = -0.188 GPa                                                     |
| C24 = -0.130 GPa                                                     |
| C25 = -0.112 GPa                                                     |
| C26 = -0.087 GPa                                                     |
| C34 = -0.253 GPa                                                     |
| C35 = -0.002 GPa                                                     |
| C36 = -0.414 GPa                                                     |
| C45 = 0.179 GPa                                                      |
| C46 = -0.006 GPa                                                     |
| C56 = -0.029 GPa                                                     |
| B_vrh = 321.755 GPa                                                  |
| G_vrh = 142.000 GPa                                                  |
| Young's modulus (E) = 371.367 GPa                                    |
| Cauchy's Pressure (A) = 82.545 GPa                                   |
| Poisson's ratio (V) = 0.308                                          |
| Sound velocity (V_t) = 2.712 Km/s                                    |
| Sound velocity (V_l) = 4.082 Km/s                                    |
| Sound velocity (V_p) = 5.145 Km/s                                    |
| Sound velocity (V_d) = 3.032 Km/s                                    |
| Debye temperature (T_d) = 359.161 K                                  |
| Kleinman’s parameter (Q) = 0.776                                     |
| Lame's parameter (M_1) = 227.088 N/m                                 |
| Lame's parameter (M_2) = 142.000 N/m                                 |
| Grüneisen parameter (S) = 1.821                                      |
| Pugh's modulus ratio (P) = 0.441                                     |
| Min thermal conductivity (K_clarke) = 0.033 W/(m.K)                  |
| Min thermal conductivity (K_cahill) = 1.052 W/(m.K)                  |
| Thermal conductivity @ 300 K (K_cahill_lowt) = 0.339 W/(m.K)         |
| Thermal conductivity @ 300 K (K_slack) = 0.002 W/(m.K)               |
| Thermal conductivity @ 300 K (K_slack_lowt) = 3.111 W/(m.K)          |
| Heat capacity @ 300 K (H_cv) = 2975.585 J/(mol⋅K)                    |
| Entropy @ 300 K (S_entropy) = 3792.854 J/(mol⋅K)                     |
| Entropy @ 300 K (S_debyeentropy) = 3794.449 J/(mol⋅K)                |
| Mean-free path @ 300 K (P_mfp) = 1663830032.079 µm                   |
| Linear compressibility (C[100]) = 2.83e+00 TPa^-1                    |
| Linear compressibility (C[110]) = 2.63e+00 TPa^-1                    |
| Linear compressibility (C[010]) = 2.83e+00 TPa^-1                    |
| Linear compressibility (C[111]) = 2.57e+00 TPa^-1                    |
| Linear compressibility (C_avg) = 2.72e+00 TPa^-1                     |
| Ductility test (D) = Material is ductile                             |
+----------------------------------------------------------------------+
| Hardness (H) and Fracture Toughness (F) Analysis                     |
| WARNING: An empirical approximation; check validity!                 |
+----------------------------------------------------------------------+
| Hardness (H1a) = 20.94 GPa;  Ref.[1]                                 |
| Hardness (H1b) = 22.53 GPa;  Ref.[1]                                 |
| Hardness (H1c) = 30.98 GPa;  Ref.[2]                                 |
| Hardness (H2)  = 23.56 GPa;  Ref.[3]                                 |
| Hardness (H3)  = 22.22 GPa;  Ref.[4]                                 |
| Hardness (H4)  = 15.78 GPa;  Ref.[1]                                 |
| Hardness (H5)  = 10.95 GPa;  Ref.[5]                                 |
| Hardness (H6)  = 10.95 GPa;  Ref.[6]                                 |
| Hardness (H7)  = 19.67 GPa;  Ref.[7]                                 |
| Fracture Toughness (F1)  = 7.61 MPa m¹/₂;  Ref.[5]                   |
| Fracture Toughness (F2)  = 9.62 MPa m¹/₂;  Ref.[6]                   |
| Fracture Toughness (F3)  = 6.40 MPa m¹/₂;  Ref.[6]                   |
| -------------------------------------------------------------------- |
|    Cubic      Hexagonal  Orthorhombic   Rhombohedral  General        |
| -------------------------------------------------------------------- |
| I  All,F1-2   All,F1-2  H2,H6,H7,F1-2  All,F1-2  H2,H6,H7,F1-2       |
| S  All,F1-2   All,F1-2  H2,H6,H7,F1-2  All,F1-2  H5,H6,H7,F1-2       |
| M  H1a,H7,F3  H4,H7,F3  H4,H7,F3       H4,H7,F3  H4,H7,F3            |
| -------------------------------------------------------------------- |
| Insulator (I)     : bandgap > 2 eV                                   |
| Semiconductor (S) : bandgap < 2 eV                                   |
| Metal (M)         : bandgap = 0                                      |
| -------------------------------------------------------------------- |
| References                                                           |
+----------------------------------------------------------------------+
| [1] Comp. Mater. Sci. 50 (2011)                                      |
| [2] Scientific Reports, 3776 (2022)                                  |
| [3] MRS Bull. 23, 22 (1998)                                          |
| [4] J. Phys.: Condens. Matter 22 315503 (2010)                       |
| [5] Intermetallics 19, 1275 (2011)                                   |
| [6] J. Appl. Phys. 125, 065105 (2019)                                |
| [7] J. Appl. Phys. 126, 125109 (2019)                                |
|                                                                      |
+-====================================================================-+
+------------------------------------------------------------------------------+
|                                 * CITATIONS *                                |
| ---------------------------------------------------------------------------- |
|           If you have used Elastool in your research, PLEASE cite:           |
|                                                                              |
|      ElasTool: An automated toolkit for elastic constants calculation,       |
|         Z.-L. Liu, C.E. Ekuma, W.-Q. Li, J.-Q. Yang, and X.-J. Li,           |
|             Computer Physics Communications 270, 108180, (2022)              |
|                                                                              |
|                                                                              |
|          Efficient prediction of temperature-dependent elastic and           |
|  mechanical properties of 2D materials, S.M. Kastuar, C.E. Ekuma, Z-L. Liu,  |
|                   Nature Scientific Report 12, 3776 (2022)                   |
|                                                                              |
|           ElasTool v3.0: Efficient computational and visualization           |
|         toolkit for elastic and mechanical properties of materials,          |
|                            C.E. Ekuma, Z-L. Liu,                             |
|             Computer Physics Communications 300, 109161, (2024)              |
+------------------------------------------------------------------------------+

